[0.033s] Invoking command in '/home/celian/workspace/src/mc_rtc/build/mpack': /usr/bin/cmake /home/celian/workspace/src/mc_rtc/3rd-party/mpack -DCMAKE_INSTALL_PREFIX=/home/celian/workspace/src/mc_rtc/install
[0.061s] [33mCMake Warning (dev) in CMakeLists.txt:
[0.061s]   No project() command is present.  The top-level CMakeLists.txt file must
[0.061s]   contain a literal, direct call to the project() command.  Add a line of
[0.061s]   code such as
[0.061s]
[0.061s]     project(ProjectName)
[0.061s]
[0.061s]   near the top of the file, but after cmake_minimum_required().
[0.061s]
[0.061s]   CMake is pretending there is a "project(Project)" command on the first
[0.061s]   line.
[0.061s] This warning is for project developers.  Use -Wno-dev to suppress it.
[0.061s] [0m
[0.061s] [33mCMake Warning (dev) in CMakeLists.txt:
[0.061s]   cmake_minimum_required() should be called prior to this top-level project()
[0.061s]   call.  Please see the cmake-commands(7) manual for usage documentation of
[0.061s]   both commands.
[0.061s] This warning is for project developers.  Use -Wno-dev to suppress it.
[0.061s] [0m
[0.127s] -- The C compiler identification is GNU 11.4.0
[0.189s] -- The CXX compiler identification is GNU 11.4.0
[0.202s] -- Detecting C compiler ABI info
[0.255s] -- Detecting C compiler ABI info - done
[0.272s] -- Check for working C compiler: /usr/bin/cc - skipped
[0.273s] -- Detecting C compile features
[0.273s] -- Detecting C compile features - done
[0.286s] -- Detecting CXX compiler ABI info
[0.345s] -- Detecting CXX compiler ABI info - done
[0.362s] -- Check for working CXX compiler: /usr/bin/c++ - skipped
[0.362s] -- Detecting CXX compile features
[0.363s] -- Detecting CXX compile features - done
[0.368s] [31mCMake Error in CMakeLists.txt:
[0.368s]   No cmake_minimum_required command is present.  A line of code such as
[0.368s]
[0.368s]     cmake_minimum_required(VERSION 4.0)
[0.368s]
[0.368s]   should be added at the top of the file.  The version specified may be lower
[0.368s]   if you wish to support older CMake versions for this project.  For more
[0.368s]   information run "cmake --help-policy CMP0000".
[0.368s]
[0.368s] [0m
[0.368s] -- Configuring incomplete, errors occurred!
