[0.036s] Invoking command in '/home/celian/workspace/src/mc_rtc/build/doc': /usr/bin/cmake /home/celian/workspace/src/mc_rtc/doc -DCMAKE_INSTALL_PREFIX=/home/celian/workspace/src/mc_rtc/install
[0.065s] [33mCMake Warning (dev) in CMakeLists.txt:
[0.065s]   No project() command is present.  The top-level CMakeLists.txt file must
[0.065s]   contain a literal, direct call to the project() command.  Add a line of
[0.065s]   code such as
[0.065s] 
[0.065s]     project(ProjectName)
[0.066s] 
[0.066s]   near the top of the file, but after cmake_minimum_required().
[0.066s] 
[0.066s]   CMake is pretending there is a "project(Project)" command on the first
[0.066s]   line.
[0.066s] This warning is for project developers.  Use -Wno-dev to suppress it.
[0.066s] [0m
[0.066s] [33mCMake Warning (dev) in CMakeLists.txt:
[0.066s]   cmake_minimum_required() should be called prior to this top-level project()
[0.066s]   call.  Please see the cmake-commands(7) manual for usage documentation of
[0.066s]   both commands.
[0.066s] This warning is for project developers.  Use -Wno-dev to suppress it.
[0.066s] [0m
[0.133s] -- The C compiler identification is GNU 11.4.0
[0.199s] -- The CXX compiler identification is GNU 11.4.0
[0.208s] -- Detecting C compiler ABI info
[0.258s] -- Detecting C compiler ABI info - done
[0.272s] -- Check for working C compiler: /usr/bin/cc - skipped
[0.272s] -- Detecting C compile features
[0.273s] -- Detecting C compile features - done
[0.289s] -- Detecting CXX compiler ABI info
[0.341s] -- Detecting CXX compiler ABI info - done
[0.358s] -- Check for working CXX compiler: /usr/bin/c++ - skipped
[0.359s] -- Detecting CXX compile features
[0.359s] -- Detecting CXX compile features - done
[0.361s] [31mCMake Error in CMakeLists.txt:
[0.361s]   No cmake_minimum_required command is present.  A line of code such as
[0.361s] 
[0.361s]     cmake_minimum_required(VERSION 4.0)
[0.361s] 
[0.361s]   should be added at the top of the file.  The version specified may be lower
[0.361s]   if you wish to support older CMake versions for this project.  For more
[0.362s]   information run "cmake --help-policy CMP0000".
[0.362s] 
[0.362s] [0m
[0.362s] -- Configuring incomplete, errors occurred!
