[0.029s] Invoking command in '/home/celian/workspace/src/mc_rtc/build/src': /usr/bin/cmake /home/celian/workspace/src/mc_rtc/src -DCMAKE_INSTALL_PREFIX=/home/celian/workspace/src/mc_rtc/install
[0.047s] [33mCMake Warning (dev) in CMakeLists.txt:
[0.047s]   No project() command is present.  The top-level CMakeLists.txt file must
[0.047s]   contain a literal, direct call to the project() command.  Add a line of
[0.047s]   code such as
[0.047s] 
[0.047s]     project(ProjectName)
[0.047s] 
[0.047s]   near the top of the file, but after cmake_minimum_required().
[0.047s] 
[0.048s]   CMake is pretending there is a "project(Project)" command on the first
[0.048s]   line.
[0.048s] This warning is for project developers.  Use -Wno-dev to suppress it.
[0.048s] [0m
[0.048s] [33mCMake Warning (dev) in CMakeLists.txt:
[0.048s]   cmake_minimum_required() should be called prior to this top-level project()
[0.048s]   call.  Please see the cmake-commands(7) manual for usage documentation of
[0.048s]   both commands.
[0.048s] This warning is for project developers.  Use -Wno-dev to suppress it.
[0.048s] [0m
[0.115s] -- The C compiler identification is GNU 11.4.0
[0.172s] -- The CXX compiler identification is GNU 11.4.0
[0.184s] -- Detecting C compiler ABI info
[0.241s] -- Detecting C compiler ABI info - done
[0.257s] -- Check for working C compiler: /usr/bin/cc - skipped
[0.258s] -- Detecting C compile features
[0.258s] -- Detecting C compile features - done
[0.269s] -- Detecting CXX compiler ABI info
[0.337s] -- Detecting CXX compiler ABI info - done
[0.350s] -- Check for working CXX compiler: /usr/bin/c++ - skipped
[0.350s] -- Detecting CXX compile features
[0.350s] -- Detecting CXX compile features - done
[0.354s] [31mCMake Error at CMakeLists.txt:11 (check_cxx_compiler_flag):
[0.354s]   Unknown CMake command "check_cxx_compiler_flag".
[0.354s] 
[0.354s] [0m
[0.354s] [31mCMake Error in CMakeLists.txt:
[0.354s]   No cmake_minimum_required command is present.  A line of code such as
[0.354s] 
[0.354s]     cmake_minimum_required(VERSION 4.0)
[0.354s] 
[0.354s]   should be added at the top of the file.  The version specified may be lower
[0.354s]   if you wish to support older CMake versions for this project.  For more
[0.354s]   information run "cmake --help-policy CMP0000".
[0.354s] 
[0.354s] [0m
[0.355s] -- Configuring incomplete, errors occurred!
