[0.037s] Invoking command in '/home/celian/workspace/src/mc_rtc/build/controllers': /usr/bin/cmake /home/celian/workspace/src/mc_rtc/controllers -DCMAKE_INSTALL_PREFIX=/home/celian/workspace/src/mc_rtc/install
[0.065s] [33mCMake Warning (dev) in CMakeLists.txt:
[0.065s]   No project() command is present.  The top-level CMakeLists.txt file must
[0.066s]   contain a literal, direct call to the project() command.  Add a line of
[0.066s]   code such as
[0.066s] 
[0.066s]     project(ProjectName)
[0.066s] 
[0.066s]   near the top of the file, but after cmake_minimum_required().
[0.066s] 
[0.066s]   CMake is pretending there is a "project(Project)" command on the first
[0.067s]   line.
[0.067s] This warning is for project developers.  Use -Wno-dev to suppress it.
[0.067s] [0m
[0.067s] [33mCMake Warning (dev) in CMakeLists.txt:
[0.067s]   cmake_minimum_required() should be called prior to this top-level project()
[0.067s]   call.  Please see the cmake-commands(7) manual for usage documentation of
[0.067s]   both commands.
[0.068s] This warning is for project developers.  Use -Wno-dev to suppress it.
[0.068s] [0m
[0.130s] -- The C compiler identification is GNU 11.4.0
[0.198s] -- The CXX compiler identification is GNU 11.4.0
[0.210s] -- Detecting C compiler ABI info
[0.258s] -- Detecting C compiler ABI info - done
[0.276s] -- Check for working C compiler: /usr/bin/cc - skipped
[0.276s] -- Detecting C compile features
[0.276s] -- Detecting C compile features - done
[0.285s] -- Detecting CXX compiler ABI info
[0.350s] -- Detecting CXX compiler ABI info - done
[0.364s] -- Check for working CXX compiler: /usr/bin/c++ - skipped
[0.365s] -- Detecting CXX compile features
[0.365s] -- Detecting CXX compile features - done
[0.371s] [31mCMake Error in CMakeLists.txt:
[0.371s]   No cmake_minimum_required command is present.  A line of code such as
[0.371s] 
[0.371s]     cmake_minimum_required(VERSION 4.0)
[0.371s] 
[0.371s]   should be added at the top of the file.  The version specified may be lower
[0.371s]   if you wish to support older CMake versions for this project.  For more
[0.371s]   information run "cmake --help-policy CMP0000".
[0.371s] 
[0.371s] [0m
[0.372s] -- Configuring incomplete, errors occurred!
