[0.065s] DEBUG:colcon:Command line arguments: ['/usr/bin/colcon', 'build']
[0.065s] DEBUG:colcon:Parsed command line arguments: Namespace(log_base=None, log_level=None, verb_name='build', build_base='build', install_base='install', merge_install=False, symlink_install=False, test_result_base=None, continue_on_error=False, executor='parallel', parallel_workers=22, event_handlers=None, ignore_user_meta=False, metas=['./colcon.meta'], base_paths=['.'], packages_ignore=None, packages_ignore_regex=None, paths=None, packages_up_to=None, packages_up_to_regex=None, packages_above=None, packages_above_and_dependencies=None, packages_above_depth=None, packages_select_by_dep=None, packages_skip_by_dep=None, packages_skip_up_to=None, packages_select_build_failed=False, packages_skip_build_finished=False, packages_select_test_failures=False, packages_skip_test_passed=False, packages_select=None, packages_skip=None, packages_select_regex=None, packages_skip_regex=None, packages_start=None, packages_end=None, cmake_args=None, cmake_target=None, cmake_target_skip_unavailable=False, cmake_clean_cache=False, cmake_clean_first=False, cmake_force_configure=False, ament_cmake_args=None, catkin_cmake_args=None, catkin_skip_building_tests=False, verb_parser=<colcon_defaults.argument_parser.defaults.DefaultArgumentsDecorator object at 0x74c4ba761fc0>, verb_extension=<colcon_core.verb.build.BuildVerb object at 0x74c4ba8e3880>, main=<bound method BuildVerb.main of <colcon_core.verb.build.BuildVerb object at 0x74c4ba8e3880>>)
[0.160s] Level 1:colcon.colcon_core.package_discovery:discover_packages(colcon_meta) check parameters
[0.160s] Level 1:colcon.colcon_core.package_discovery:discover_packages(recursive) check parameters
[0.160s] Level 1:colcon.colcon_core.package_discovery:discover_packages(ignore) check parameters
[0.160s] Level 1:colcon.colcon_core.package_discovery:discover_packages(path) check parameters
[0.160s] Level 1:colcon.colcon_core.package_discovery:discover_packages(colcon_meta) discover
[0.160s] Level 1:colcon.colcon_core.package_discovery:discover_packages(recursive) discover
[0.160s] INFO:colcon.colcon_core.package_discovery:Crawling recursively for packages in '/home/celian/workspace/src/mc_rtc/plugins/ROS'
[0.161s] Level 1:colcon.colcon_core.package_identification:_identify(.) by extensions ['ignore', 'ignore_ament_install']
[0.161s] Level 1:colcon.colcon_core.package_identification:_identify(.) by extension 'ignore'
[0.161s] Level 1:colcon.colcon_core.package_identification:_identify(.) by extension 'ignore_ament_install'
[0.161s] Level 1:colcon.colcon_core.package_identification:_identify(.) by extensions ['colcon_pkg']
[0.161s] Level 1:colcon.colcon_core.package_identification:_identify(.) by extension 'colcon_pkg'
[0.161s] Level 1:colcon.colcon_core.package_identification:_identify(.) by extensions ['colcon_meta']
[0.161s] Level 1:colcon.colcon_core.package_identification:_identify(.) by extension 'colcon_meta'
[0.161s] Level 1:colcon.colcon_core.package_identification:_identify(.) by extensions ['ros']
[0.161s] Level 1:colcon.colcon_core.package_identification:_identify(.) by extension 'ros'
[0.167s] Level 1:colcon.colcon_core.package_identification:_identify(.) by extensions ['cmake', 'python']
[0.167s] Level 1:colcon.colcon_core.package_identification:_identify(.) by extension 'cmake'
[0.174s] Level 1:colcon.colcon_core.package_identification:_identify(.) by extension 'python'
[0.174s] DEBUG:colcon.colcon_core.package_identification:Package '.' with type 'cmake' and name 'mc_rtc_ros_plugin'
[0.175s] Level 1:colcon.colcon_core.package_discovery:discover_packages(recursive) using defaults
[0.175s] Level 1:colcon.colcon_core.package_discovery:discover_packages(ignore) discover
[0.175s] Level 1:colcon.colcon_core.package_discovery:discover_packages(ignore) using defaults
[0.175s] Level 1:colcon.colcon_core.package_discovery:discover_packages(path) discover
[0.175s] Level 1:colcon.colcon_core.package_discovery:discover_packages(path) using defaults
[0.187s] Level 5:colcon.colcon_core.verb:set package 'mc_rtc_ros_plugin' build argument 'cmake_args' from command line to 'None'
[0.187s] Level 5:colcon.colcon_core.verb:set package 'mc_rtc_ros_plugin' build argument 'cmake_target' from command line to 'None'
[0.187s] Level 5:colcon.colcon_core.verb:set package 'mc_rtc_ros_plugin' build argument 'cmake_target_skip_unavailable' from command line to 'False'
[0.187s] Level 5:colcon.colcon_core.verb:set package 'mc_rtc_ros_plugin' build argument 'cmake_clean_cache' from command line to 'False'
[0.187s] Level 5:colcon.colcon_core.verb:set package 'mc_rtc_ros_plugin' build argument 'cmake_clean_first' from command line to 'False'
[0.187s] Level 5:colcon.colcon_core.verb:set package 'mc_rtc_ros_plugin' build argument 'cmake_force_configure' from command line to 'False'
[0.187s] Level 5:colcon.colcon_core.verb:set package 'mc_rtc_ros_plugin' build argument 'ament_cmake_args' from command line to 'None'
[0.187s] Level 5:colcon.colcon_core.verb:set package 'mc_rtc_ros_plugin' build argument 'catkin_cmake_args' from command line to 'None'
[0.187s] Level 5:colcon.colcon_core.verb:set package 'mc_rtc_ros_plugin' build argument 'catkin_skip_building_tests' from command line to 'False'
[0.187s] DEBUG:colcon.colcon_core.verb:Building package 'mc_rtc_ros_plugin' with the following arguments: {'ament_cmake_args': None, 'build_base': '/home/celian/workspace/src/mc_rtc/plugins/ROS/build/mc_rtc_ros_plugin', 'catkin_cmake_args': None, 'catkin_skip_building_tests': False, 'cmake_args': None, 'cmake_clean_cache': False, 'cmake_clean_first': False, 'cmake_force_configure': False, 'cmake_target': None, 'cmake_target_skip_unavailable': False, 'install_base': '/home/celian/workspace/src/mc_rtc/plugins/ROS/install/mc_rtc_ros_plugin', 'merge_install': False, 'path': '/home/celian/workspace/src/mc_rtc/plugins/ROS', 'symlink_install': False, 'test_result_base': None}
[0.187s] INFO:colcon.colcon_core.executor:Executing jobs using 'parallel' executor
[0.188s] DEBUG:colcon.colcon_parallel_executor.executor.parallel:run_until_complete
[0.188s] INFO:colcon.colcon_cmake.task.cmake.build:Building CMake package in '/home/celian/workspace/src/mc_rtc/plugins/ROS'
[0.189s] INFO:colcon.colcon_core.plugin_system:Skipping extension 'colcon_core.shell.bat': Not used on non-Windows systems
[0.189s] INFO:colcon.colcon_core.shell:Skip shell extension 'powershell' for command environment: Not usable outside of PowerShell
[0.189s] DEBUG:colcon.colcon_core.shell:Skip shell extension 'dsv' for command environment
[0.203s] DEBUG:colcon.colcon_core.event_handler.log_command:Invoking command in '/home/celian/workspace/src/mc_rtc/plugins/ROS/build/mc_rtc_ros_plugin': /usr/bin/cmake --build /home/celian/workspace/src/mc_rtc/plugins/ROS/build/mc_rtc_ros_plugin -- -j22 -l22
[0.302s] DEBUG:colcon.colcon_core.event_handler.log_command:Invoked command in '/home/celian/workspace/src/mc_rtc/plugins/ROS/build/mc_rtc_ros_plugin' returned '0': /usr/bin/cmake --build /home/celian/workspace/src/mc_rtc/plugins/ROS/build/mc_rtc_ros_plugin -- -j22 -l22
[0.307s] DEBUG:colcon.colcon_core.event_handler.log_command:Invoking command in '/home/celian/workspace/src/mc_rtc/plugins/ROS/build/mc_rtc_ros_plugin': /usr/bin/cmake --install /home/celian/workspace/src/mc_rtc/plugins/ROS/build/mc_rtc_ros_plugin
[0.312s] Level 1:colcon.colcon_core.environment:create_environment_scripts_only(mc_rtc_ros_plugin)
[0.312s] DEBUG:colcon.colcon_core.event_handler.log_command:Invoked command in '/home/celian/workspace/src/mc_rtc/plugins/ROS/build/mc_rtc_ros_plugin' returned '0': /usr/bin/cmake --install /home/celian/workspace/src/mc_rtc/plugins/ROS/build/mc_rtc_ros_plugin
[0.315s] Level 1:colcon.colcon_core.environment:checking '/home/celian/workspace/src/mc_rtc/plugins/ROS/install/mc_rtc_ros_plugin' for CMake module files
[0.315s] Level 1:colcon.colcon_core.environment:checking '/home/celian/workspace/src/mc_rtc/plugins/ROS/install/mc_rtc_ros_plugin' for CMake config files
[0.315s] Level 1:colcon.colcon_core.environment:checking '/home/celian/workspace/src/mc_rtc/plugins/ROS/install/mc_rtc_ros_plugin/lib'
[0.315s] Level 1:colcon.colcon_core.environment:checking '/home/celian/workspace/src/mc_rtc/plugins/ROS/install/mc_rtc_ros_plugin/bin'
[0.316s] Level 1:colcon.colcon_core.shell:create_environment_hook('mc_rtc_ros_plugin', 'path')
[0.316s] INFO:colcon.colcon_core.shell:Creating environment hook '/home/celian/workspace/src/mc_rtc/plugins/ROS/install/mc_rtc_ros_plugin/share/mc_rtc_ros_plugin/hook/path.ps1'
[0.316s] INFO:colcon.colcon_core.shell:Creating environment descriptor '/home/celian/workspace/src/mc_rtc/plugins/ROS/install/mc_rtc_ros_plugin/share/mc_rtc_ros_plugin/hook/path.dsv'
[0.316s] INFO:colcon.colcon_core.shell:Creating environment hook '/home/celian/workspace/src/mc_rtc/plugins/ROS/install/mc_rtc_ros_plugin/share/mc_rtc_ros_plugin/hook/path.sh'
[0.317s] Level 1:colcon.colcon_core.environment:checking '/home/celian/workspace/src/mc_rtc/plugins/ROS/install/mc_rtc_ros_plugin/lib/pkgconfig/mc_rtc_ros_plugin.pc'
[0.318s] Level 1:colcon.colcon_core.environment:checking '/home/celian/workspace/src/mc_rtc/plugins/ROS/install/mc_rtc_ros_plugin/lib/python3.10/site-packages'
[0.318s] Level 1:colcon.colcon_core.environment:checking '/home/celian/workspace/src/mc_rtc/plugins/ROS/install/mc_rtc_ros_plugin/bin'
[0.318s] Level 1:colcon.colcon_core.shell:create_environment_hook('mc_rtc_ros_plugin', 'pythonscriptspath')
[0.318s] INFO:colcon.colcon_core.shell:Creating environment hook '/home/celian/workspace/src/mc_rtc/plugins/ROS/install/mc_rtc_ros_plugin/share/mc_rtc_ros_plugin/hook/pythonscriptspath.ps1'
[0.318s] INFO:colcon.colcon_core.shell:Creating environment descriptor '/home/celian/workspace/src/mc_rtc/plugins/ROS/install/mc_rtc_ros_plugin/share/mc_rtc_ros_plugin/hook/pythonscriptspath.dsv'
[0.318s] INFO:colcon.colcon_core.shell:Creating environment hook '/home/celian/workspace/src/mc_rtc/plugins/ROS/install/mc_rtc_ros_plugin/share/mc_rtc_ros_plugin/hook/pythonscriptspath.sh'
[0.319s] INFO:colcon.colcon_core.shell:Creating package script '/home/celian/workspace/src/mc_rtc/plugins/ROS/install/mc_rtc_ros_plugin/share/mc_rtc_ros_plugin/package.ps1'
[0.319s] INFO:colcon.colcon_core.shell:Creating package descriptor '/home/celian/workspace/src/mc_rtc/plugins/ROS/install/mc_rtc_ros_plugin/share/mc_rtc_ros_plugin/package.dsv'
[0.319s] INFO:colcon.colcon_core.shell:Creating package script '/home/celian/workspace/src/mc_rtc/plugins/ROS/install/mc_rtc_ros_plugin/share/mc_rtc_ros_plugin/package.sh'
[0.320s] INFO:colcon.colcon_core.shell:Creating package script '/home/celian/workspace/src/mc_rtc/plugins/ROS/install/mc_rtc_ros_plugin/share/mc_rtc_ros_plugin/package.bash'
[0.320s] INFO:colcon.colcon_core.shell:Creating package script '/home/celian/workspace/src/mc_rtc/plugins/ROS/install/mc_rtc_ros_plugin/share/mc_rtc_ros_plugin/package.zsh'
[0.320s] Level 1:colcon.colcon_core.environment:create_file_with_runtime_dependencies(/home/celian/workspace/src/mc_rtc/plugins/ROS/install/mc_rtc_ros_plugin/share/colcon-core/packages/mc_rtc_ros_plugin)
[0.321s] DEBUG:colcon.colcon_parallel_executor.executor.parallel:closing loop
[0.321s] DEBUG:colcon.colcon_parallel_executor.executor.parallel:loop closed
[0.321s] DEBUG:colcon.colcon_parallel_executor.executor.parallel:run_until_complete finished with '0'
[0.321s] DEBUG:colcon.colcon_core.event_reactor:joining thread
[0.326s] INFO:colcon.colcon_core.plugin_system:Skipping extension 'colcon_notification.desktop_notification.terminal_notifier': Not used on non-Darwin systems
[0.326s] INFO:colcon.colcon_core.plugin_system:Skipping extension 'colcon_notification.desktop_notification.win32': Not used on non-Windows systems
[0.326s] INFO:colcon.colcon_notification.desktop_notification:Sending desktop notification using 'notify2'
[0.332s] DEBUG:colcon.colcon_core.event_reactor:joined thread
[0.333s] INFO:colcon.colcon_core.shell:Creating prefix script '/home/celian/workspace/src/mc_rtc/plugins/ROS/install/local_setup.ps1'
[0.333s] INFO:colcon.colcon_core.shell:Creating prefix util module '/home/celian/workspace/src/mc_rtc/plugins/ROS/install/_local_setup_util_ps1.py'
[0.334s] INFO:colcon.colcon_core.shell:Creating prefix chain script '/home/celian/workspace/src/mc_rtc/plugins/ROS/install/setup.ps1'
[0.335s] INFO:colcon.colcon_core.shell:Creating prefix script '/home/celian/workspace/src/mc_rtc/plugins/ROS/install/local_setup.sh'
[0.335s] INFO:colcon.colcon_core.shell:Creating prefix util module '/home/celian/workspace/src/mc_rtc/plugins/ROS/install/_local_setup_util_sh.py'
[0.335s] INFO:colcon.colcon_core.shell:Creating prefix chain script '/home/celian/workspace/src/mc_rtc/plugins/ROS/install/setup.sh'
[0.336s] INFO:colcon.colcon_core.shell:Creating prefix script '/home/celian/workspace/src/mc_rtc/plugins/ROS/install/local_setup.bash'
[0.336s] INFO:colcon.colcon_core.shell:Creating prefix chain script '/home/celian/workspace/src/mc_rtc/plugins/ROS/install/setup.bash'
[0.337s] INFO:colcon.colcon_core.shell:Creating prefix script '/home/celian/workspace/src/mc_rtc/plugins/ROS/install/local_setup.zsh'
[0.337s] INFO:colcon.colcon_core.shell:Creating prefix chain script '/home/celian/workspace/src/mc_rtc/plugins/ROS/install/setup.zsh'
