[0.031s] Invoking command in '/home/celian/workspace/src/mc_rtc/build/python': /usr/bin/cmake /home/celian/workspace/src/mc_rtc/binding/python -DCMAKE_INSTALL_PREFIX=/home/celian/workspace/src/mc_rtc/install
[0.055s] [33mCMake Warning (dev) in CMakeLists.txt:
[0.055s]   No project() command is present.  The top-level CMakeLists.txt file must
[0.055s]   contain a literal, direct call to the project() command.  Add a line of
[0.055s]   code such as
[0.055s]
[0.055s]     project(ProjectName)
[0.055s]
[0.055s]   near the top of the file, but after cmake_minimum_required().
[0.055s]
[0.055s]   CMake is pretending there is a "project(Project)" command on the first
[0.056s]   line.
[0.056s] This warning is for project developers.  Use -Wno-dev to suppress it.
[0.056s] [0m
[0.056s] [33mCMake Warning (dev) in CMakeLists.txt:
[0.056s]   cmake_minimum_required() should be called prior to this top-level project()
[0.056s]   call.  Please see the cmake-commands(7) manual for usage documentation of
[0.056s]   both commands.
[0.056s] This warning is for project developers.  Use -Wno-dev to suppress it.
[0.056s] [0m
[0.114s] -- The C compiler identification is GNU 11.4.0
[0.170s] -- The CXX compiler identification is GNU 11.4.0
[0.179s] -- Detecting C compiler ABI info
[0.241s] -- Detecting C compiler ABI info - done
[0.255s] -- Check for working C compiler: /usr/bin/cc - skipped
[0.255s] -- Detecting C compile features
[0.256s] -- Detecting C compile features - done
[0.263s] -- Detecting CXX compiler ABI info
[0.320s] -- Detecting CXX compiler ABI info - done
[0.339s] -- Check for working CXX compiler: /usr/bin/c++ - skipped
[0.339s] -- Detecting CXX compile features
[0.339s] -- Detecting CXX compile features - done
[0.345s] [31mCMake Error at CMakeLists.txt:30 (make_cython_bindings):
[0.345s]   Unknown CMake command "make_cython_bindings".
[0.345s]
[0.346s] [0m
[0.346s] -- Configuring incomplete, errors occurred!
[0.346s] [31mCMake Error in CMakeLists.txt:
[0.346s]   No cmake_minimum_required command is present.  A line of code such as
[0.346s]
[0.346s]     cmake_minimum_required(VERSION 4.0)
[0.346s]
[0.346s]   should be added at the top of the file.  The version specified may be lower
[0.346s]   if you wish to support older CMake versions for this project.  For more
[0.346s]   information run "cmake --help-policy CMP0000".
[0.346s]
[0.346s] [0m
