-- The CXX compiler identification is GNU 11.4.0
-- Detecting CXX compiler ABI info
-- Detecting CXX compiler ABI info - done
-- Check for working CXX compiler: /usr/bin/c++ - skipped
-- Detecting CXX compile features
-- Detecting CXX compile features - done
-- Found Boost: /usr/lib/x86_64-linux-gnu/cmake/Boost-1.74.0/BoostConfig.cmake (found version "1.74.0") found components: filesystem timer stacktrace_backtrace
-- Tasks not FOUND.
-- Found Boost: /usr/lib/x86_64-linux-gnu/cmake/Boost-1.74.0/BoostConfig.cmake (found version "1.74.0") found components: system
-- Found RBDyn_TinyXML2: /usr/lib/x86_64-linux-gnu/libtinyxml2.so
-- sch-core not FOUND.
-- Found Boost: /usr/lib/x86_64-linux-gnu/cmake/Boost-1.74.0/BoostConfig.cmake (found version "1.74.0") found components: serialization
-- Found Boost: /usr/lib/x86_64-linux-gnu/cmake/Boost-1.74.0/BoostConfig.cmake (found version "1.74.0") found components: timer
-- state-observation FOUND. state-observation at /home/celian/workspace/install/lib/libstate-observation.so
-- Default C++ standard: 201703
-- Minimal C++ standard upgraded to 14
-- C++ standard sufficient: Minimal required 14, currently defined: 17
-- CMAKE_CXX_STANDARD was not set: automatically set to currently defined standard 17
-- Performing Test CMAKE_HAVE_LIBC_PTHREAD
-- Performing Test CMAKE_HAVE_LIBC_PTHREAD - Success
-- Found Threads: TRUE
-- Found PkgConfig: /usr/bin/pkg-config (found version "0.29.2")
-- Checking for one of the modules 'nanomsg;libnanomsg'
-- Found mc_rtc_3rd_party_ltdl: /usr/lib/x86_64-linux-gnu/libltdl.so
-- Checking for module 'libnotify'
--   Found libnotify, version 0.7.9
-- Found Python3: /usr/bin/python3 (found version "3.10.12") found components: Interpreter
-- Found rosidl_generator_c: 3.1.6 (/opt/ros/humble/share/rosidl_generator_c/cmake)
-- Found rosidl_adapter: 3.1.6 (/opt/ros/humble/share/rosidl_adapter/cmake)
-- Found rosidl_generator_cpp: 3.1.6 (/opt/ros/humble/share/rosidl_generator_cpp/cmake)
-- Using all available rosidl_typesupport_c: rosidl_typesupport_fastrtps_c;rosidl_typesupport_introspection_c
-- Using all available rosidl_typesupport_cpp: rosidl_typesupport_fastrtps_cpp;rosidl_typesupport_introspection_cpp
-- Found rmw_implementation_cmake: 6.1.2 (/opt/ros/humble/share/rmw_implementation_cmake/cmake)
-- Found rmw_fastrtps_cpp: 6.2.7 (/opt/ros/humble/share/rmw_fastrtps_cpp/cmake)
-- Found OpenSSL: /usr/lib/x86_64-linux-gnu/libcrypto.so (found version "3.0.2")
-- Found FastRTPS: /opt/ros/humble/include
-- Using RMW implementation 'rmw_fastrtps_cpp' as default
-- Found nav_msgs: 4.8.0 (/opt/ros/humble/share/nav_msgs/cmake)
-- Found sensor_msgs: 4.8.0 (/opt/ros/humble/share/sensor_msgs/cmake)
-- Found mc_rtc_msgs: 1.1.1 (/home/celian/workspace/src/catkin_data_ws/install/share/mc_rtc_msgs/cmake)
-- Found tf2_ros: 0.25.12 (/opt/ros/humble/share/tf2_ros/cmake)
-- Found rosbag2_cpp: 0.15.14 (/opt/ros/humble/share/rosbag2_cpp/cmake)
-- C++ standard sufficient: Minimal required 14, currently defined: 17
-- Configuring done (1.1s)
-- Generating done (0.0s)
-- Build files have been written to: /home/celian/workspace/src/mc_rtc/plugins/ROS/build/mc_rtc_ros_plugin
[ 10%] [32mBuilding CXX object CMakeFiles/mc_rtc_ros.dir/src/mc_rtc_ros/ros.cpp.o[0m
[ 20%] [32m[1mLinking CXX shared library libmc_rtc_ros.so[0m
[ 20%] Built target mc_rtc_ros
[ 30%] [32mBuilding CXX object CMakeFiles/mc_tasks_ros.dir/src/mc_tasks_ros/LookAtTFTask.cpp.o[0m
[ 40%] [32mBuilding CXX object CMakeFiles/mc_bin_to_rosbag.dir/utils/mc_bin_to_rosbag.cpp.o[0m
[ 50%] [32mBuilding CXX object CMakeFiles/mc_bin_to_rosbag.dir/utils/mc_bin_to_rosbag_main.cpp.o[0m
[ 60%] [32m[1mLinking CXX executable mc_bin_to_rosbag[0m
[ 60%] Built target mc_bin_to_rosbag
[ 70%] [32m[1mLinking CXX shared library libmc_tasks_ros.so[0m
[ 70%] Built target mc_tasks_ros
[ 80%] [32mBuilding CXX object CMakeFiles/ROS.dir/src/plugin/ROS.cpp.o[0m
[ 90%] [32mBuilding CXX object CMakeFiles/ROS.dir/src/plugin/Services.cpp.o[0m
[100%] [32m[1mLinking CXX shared library ROS.so[0m
[100%] Built target ROS
-- Install configuration: ""
-- Installing: /home/celian/workspace/src/mc_rtc/plugins/ROS/install/mc_rtc_ros_plugin/include/mc_rtc_ros/ros.h
-- Installing: /home/celian/workspace/src/mc_rtc/plugins/ROS/install/mc_rtc_ros_plugin/include/mc_rtc_ros/api.h
-- Installing: /home/celian/workspace/src/mc_rtc/plugins/ROS/install/mc_rtc_ros_plugin/include/mc_rtc/ros.h
-- Installing: /home/celian/workspace/src/mc_rtc/plugins/ROS/install/mc_rtc_ros_plugin/include/mc_tasks_ros/LookAtTFTask.h
-- Installing: /home/celian/workspace/src/mc_rtc/plugins/ROS/install/mc_rtc_ros_plugin/include/mc_tasks_ros/api.h
-- Installing: /home/celian/workspace/src/mc_rtc/plugins/ROS/install/mc_rtc_ros_plugin/include/mc_tasks/LookAtTFTask.h
-- Installing: /home/celian/workspace/src/mc_rtc/plugins/ROS/install/mc_rtc_ros_plugin/bin/mc_bin_to_rosbag
-- Set non-toolchain portion of runtime path of "/home/celian/workspace/src/mc_rtc/plugins/ROS/install/mc_rtc_ros_plugin/bin/mc_bin_to_rosbag" to ""
-- Installing: /home/celian/workspace/install/lib/libmc_rtc_ros.so.1.0.0
-- Up-to-date: /home/celian/workspace/install/lib/libmc_rtc_ros.so.1
-- Set non-toolchain portion of runtime path of "/home/celian/workspace/install/lib/libmc_rtc_ros.so.1.0.0" to ""
-- Installing: /home/celian/workspace/install/lib/libmc_rtc_ros.so
-- Installing: /home/celian/workspace/install/lib/libmc_tasks_ros.so.1.0.0
-- Up-to-date: /home/celian/workspace/install/lib/libmc_tasks_ros.so.1
-- Set non-toolchain portion of runtime path of "/home/celian/workspace/install/lib/libmc_tasks_ros.so.1.0.0" to ""
-- Installing: /home/celian/workspace/install/lib/libmc_tasks_ros.so
-- Installing: /home/celian/workspace/src/mc_rtc/plugins/ROS/install/mc_rtc_ros_plugin/lib/cmake/mc_rtc/plugins/mc_rtc_3rd_party_rosTargets.cmake
-- Installing: /home/celian/workspace/src/mc_rtc/plugins/ROS/install/mc_rtc_ros_plugin/lib/cmake/mc_rtc/plugins/mc_rtc_rosTargets.cmake
-- Installing: /home/celian/workspace/src/mc_rtc/plugins/ROS/install/mc_rtc_ros_plugin/lib/cmake/mc_rtc/plugins/mc_rtc_rosTargets-noconfig.cmake
-- Installing: /home/celian/workspace/install/lib/mc_plugins/ROS.so
-- Set non-toolchain portion of runtime path of "/home/celian/workspace/install/lib/mc_plugins/ROS.so" to ""
-- Installing: /home/celian/workspace/install/lib/mc_plugins/autoload/ROS.yaml
-- Up-to-date: /home/celian/workspace/install/lib/mc_plugins/etc/ROS.yaml
