[0.013s] Invoking command in '/home/celian/workspace/src/mc_rtc/plugins/ROS/build/mc_rtc_ros_plugin': /usr/bin/cmake /home/celian/workspace/src/mc_rtc/plugins/ROS -DCMAKE_INSTALL_PREFIX=/home/celian/workspace/src/mc_rtc/plugins/ROS/install/mc_rtc_ros_plugin
[0.023s] [0mCMake Deprecation Warning at CMakeLists.txt:1 (cmake_minimum_required):
[0.023s]   Compatibility with CMake < 3.10 will be removed from a future version of
[0.023s]   CMake.
[0.023s] 
[0.023s]   Update the VERSION argument <min> value.  Or, use the <min>...<max> syntax
[0.023s]   to tell CMake that the project requires at least <min> but has been updated
[0.024s]   to work with policies introduced by <max> or earlier.
[0.024s] 
[0.024s] [0m
[0.070s] -- The CXX compiler identification is GNU 11.4.0
[0.075s] -- Detecting CXX compiler ABI info
[0.127s] -- Detecting CXX compiler ABI info - done
[0.139s] -- Check for working CXX compiler: /usr/bin/c++ - skipped
[0.139s] -- Detecting CXX compile features
[0.140s] -- Detecting CXX compile features - done
[0.148s] [33mCMake Warning (dev) at /usr/share/cmake-4.0/Modules/CMakeFindDependencyMacro.cmake:78 (find_package):
[0.148s]   Policy CMP0167 is not set: The FindBoost module is removed.  Run "cmake
[0.148s]   --help-policy CMP0167" for policy details.  Use the cmake_policy command to
[0.148s]   set the policy and suppress this warning.
[0.148s] 
[0.148s] Call Stack (most recent call first):
[0.149s]   /home/celian/workspace/install/lib/cmake/mc_rtc/mc_rtcConfig.cmake:152 (find_dependency)
[0.149s]   CMakeLists.txt:18 (find_package)
[0.149s] This warning is for project developers.  Use -Wno-dev to suppress it.
[0.149s] [0m
[0.157s] -- Found Boost: /usr/lib/x86_64-linux-gnu/cmake/Boost-1.74.0/BoostConfig.cmake (found version "1.74.0") found components: filesystem timer stacktrace_backtrace
[0.167s] -- Tasks not FOUND.
[0.173s] [33mCMake Warning (dev) at /usr/share/cmake-4.0/Modules/CMakeFindDependencyMacro.cmake:78 (find_package):
[0.173s]   Policy CMP0167 is not set: The FindBoost module is removed.  Run "cmake
[0.174s]   --help-policy CMP0167" for policy details.  Use the cmake_policy command to
[0.174s]   set the policy and suppress this warning.
[0.174s] 
[0.174s] Call Stack (most recent call first):
[0.174s]   /home/celian/workspace/install/lib/cmake/RBDyn/RBDynConfig.cmake:148 (find_dependency)
[0.174s]   /usr/share/cmake-4.0/Modules/CMakeFindDependencyMacro.cmake:78 (find_package)
[0.174s]   /home/celian/workspace/install/lib/cmake/Tasks/TasksConfig.cmake:147 (find_dependency)
[0.174s]   /usr/share/cmake-4.0/Modules/CMakeFindDependencyMacro.cmake:78 (find_package)
[0.174s]   /home/celian/workspace/install/lib/cmake/mc_rtc/mc_rtcConfig.cmake:153 (find_dependency)
[0.174s]   CMakeLists.txt:18 (find_package)
[0.174s] This warning is for project developers.  Use -Wno-dev to suppress it.
[0.174s] [0m
[0.177s] -- Found Boost: /usr/lib/x86_64-linux-gnu/cmake/Boost-1.74.0/BoostConfig.cmake (found version "1.74.0") found components: system
[0.178s] -- Found RBDyn_TinyXML2: /usr/lib/x86_64-linux-gnu/libtinyxml2.so
[0.180s] -- sch-core not FOUND.
[0.180s] [33mCMake Warning (dev) at /usr/share/cmake-4.0/Modules/CMakeFindDependencyMacro.cmake:78 (find_package):
[0.180s]   Policy CMP0167 is not set: The FindBoost module is removed.  Run "cmake
[0.180s]   --help-policy CMP0167" for policy details.  Use the cmake_policy command to
[0.180s]   set the policy and suppress this warning.
[0.180s] 
[0.180s] Call Stack (most recent call first):
[0.180s]   /home/celian/workspace/install/lib/cmake/sch-core/sch-coreConfig.cmake:144 (find_dependency)
[0.180s]   /usr/share/cmake-4.0/Modules/CMakeFindDependencyMacro.cmake:78 (find_package)
[0.181s]   /home/celian/workspace/install/lib/cmake/Tasks/TasksConfig.cmake:148 (find_dependency)
[0.181s]   /usr/share/cmake-4.0/Modules/CMakeFindDependencyMacro.cmake:78 (find_package)
[0.181s]   /home/celian/workspace/install/lib/cmake/mc_rtc/mc_rtcConfig.cmake:153 (find_dependency)
[0.181s]   CMakeLists.txt:18 (find_package)
[0.181s] This warning is for project developers.  Use -Wno-dev to suppress it.
[0.181s] [0m
[0.184s] -- Found Boost: /usr/lib/x86_64-linux-gnu/cmake/Boost-1.74.0/BoostConfig.cmake (found version "1.74.0") found components: serialization
[0.185s] [33mCMake Warning (dev) at /usr/share/cmake-4.0/Modules/CMakeFindDependencyMacro.cmake:78 (find_package):
[0.185s]   Policy CMP0167 is not set: The FindBoost module is removed.  Run "cmake
[0.185s]   --help-policy CMP0167" for policy details.  Use the cmake_policy command to
[0.185s]   set the policy and suppress this warning.
[0.185s] 
[0.185s] Call Stack (most recent call first):
[0.185s]   /home/celian/workspace/install/lib/cmake/Tasks/TasksConfig.cmake:150 (find_dependency)
[0.185s]   /usr/share/cmake-4.0/Modules/CMakeFindDependencyMacro.cmake:78 (find_package)
[0.185s]   /home/celian/workspace/install/lib/cmake/mc_rtc/mc_rtcConfig.cmake:153 (find_dependency)
[0.185s]   CMakeLists.txt:18 (find_package)
[0.185s] This warning is for project developers.  Use -Wno-dev to suppress it.
[0.185s] [0m
[0.188s] -- Found Boost: /usr/lib/x86_64-linux-gnu/cmake/Boost-1.74.0/BoostConfig.cmake (found version "1.74.0") found components: timer
[0.192s] -- state-observation FOUND. state-observation at /home/celian/workspace/install/lib/libstate-observation.so
[0.386s] -- Default C++ standard: 201703
[0.386s] -- Minimal C++ standard upgraded to 14
[0.386s] -- C++ standard sufficient: Minimal required 14, currently defined: 17
[0.386s] -- CMAKE_CXX_STANDARD was not set: automatically set to currently defined standard 17
[0.390s] -- Performing Test CMAKE_HAVE_LIBC_PTHREAD
[0.448s] -- Performing Test CMAKE_HAVE_LIBC_PTHREAD - Success
[0.449s] -- Found Threads: TRUE
[0.456s] -- Found PkgConfig: /usr/bin/pkg-config (found version "0.29.2")
[0.464s] -- Checking for one of the modules 'nanomsg;libnanomsg'
[0.503s] [0m-- Found nanomsg libraries: /usr/lib/x86_64-linux-gnu/libnanomsg.so[0m
[0.503s] [0m-- Found nanomsg include directories: /usr/include[0m
[0.504s] -- Found mc_rtc_3rd_party_ltdl: /usr/lib/x86_64-linux-gnu/libltdl.so
[0.504s] -- Checking for module 'libnotify'
[0.514s] --   Found libnotify, version 0.7.9
[0.662s] -- Found Python3: /usr/bin/python3 (found version "3.10.12") found components: Interpreter
[0.757s] -- Found rosidl_generator_c: 3.1.6 (/opt/ros/humble/share/rosidl_generator_c/cmake)
[0.760s] -- Found rosidl_adapter: 3.1.6 (/opt/ros/humble/share/rosidl_adapter/cmake)
[0.766s] -- Found rosidl_generator_cpp: 3.1.6 (/opt/ros/humble/share/rosidl_generator_cpp/cmake)
[0.774s] -- Using all available rosidl_typesupport_c: rosidl_typesupport_fastrtps_c;rosidl_typesupport_introspection_c
[0.785s] -- Using all available rosidl_typesupport_cpp: rosidl_typesupport_fastrtps_cpp;rosidl_typesupport_introspection_cpp
[0.819s] -- Found rmw_implementation_cmake: 6.1.2 (/opt/ros/humble/share/rmw_implementation_cmake/cmake)
[0.821s] -- Found rmw_fastrtps_cpp: 6.2.7 (/opt/ros/humble/share/rmw_fastrtps_cpp/cmake)
[0.890s] -- Found OpenSSL: /usr/lib/x86_64-linux-gnu/libcrypto.so (found version "3.0.2")
[0.911s] -- Found FastRTPS: /opt/ros/humble/include
[0.939s] -- Using RMW implementation 'rmw_fastrtps_cpp' as default
[0.980s] -- Found nav_msgs: 4.8.0 (/opt/ros/humble/share/nav_msgs/cmake)
[1.005s] -- Found sensor_msgs: 4.8.0 (/opt/ros/humble/share/sensor_msgs/cmake)
[1.028s] -- Found mc_rtc_msgs: 1.1.1 (/home/celian/workspace/src/catkin_data_ws/install/share/mc_rtc_msgs/cmake)
[1.049s] -- Found tf2_ros: 0.25.12 (/opt/ros/humble/share/tf2_ros/cmake)
[1.136s] -- Found rosbag2_cpp: 0.15.14 (/opt/ros/humble/share/rosbag2_cpp/cmake)
[1.156s] -- C++ standard sufficient: Minimal required 14, currently defined: 17
[1.157s] [33mCMake Warning (dev) at CMakeLists.txt:77 (install):
[1.157s]   Policy CMP0177 is not set: install() DESTINATION paths are normalized.  Run
[1.157s]   "cmake --help-policy CMP0177" for policy details.  Use the cmake_policy
[1.157s]   command to set the policy and suppress this warning.
[1.157s] This warning is for project developers.  Use -Wno-dev to suppress it.
[1.157s] [0m
[1.157s] [33mCMake Warning (dev) at CMakeLists.txt:83 (install):
[1.157s]   Policy CMP0177 is not set: install() DESTINATION paths are normalized.  Run
[1.157s]   "cmake --help-policy CMP0177" for policy details.  Use the cmake_policy
[1.157s]   command to set the policy and suppress this warning.
[1.158s] This warning is for project developers.  Use -Wno-dev to suppress it.
[1.158s] [0m
[1.158s] -- Configuring done (1.1s)
[1.180s] -- Generating done (0.0s)
[1.186s] -- Build files have been written to: /home/celian/workspace/src/mc_rtc/plugins/ROS/build/mc_rtc_ros_plugin
[1.196s] Invoked command in '/home/celian/workspace/src/mc_rtc/plugins/ROS/build/mc_rtc_ros_plugin' returned '0': /usr/bin/cmake /home/celian/workspace/src/mc_rtc/plugins/ROS -DCMAKE_INSTALL_PREFIX=/home/celian/workspace/src/mc_rtc/plugins/ROS/install/mc_rtc_ros_plugin
[1.196s] Invoking command in '/home/celian/workspace/src/mc_rtc/plugins/ROS/build/mc_rtc_ros_plugin': /usr/bin/cmake --build /home/celian/workspace/src/mc_rtc/plugins/ROS/build/mc_rtc_ros_plugin -- -j22 -l22
[1.220s] [ 10%] [32mBuilding CXX object CMakeFiles/mc_rtc_ros.dir/src/mc_rtc_ros/ros.cpp.o[0m
[9.166s] [ 20%] [32m[1mLinking CXX shared library libmc_rtc_ros.so[0m
[9.484s] [ 20%] Built target mc_rtc_ros
[9.495s] [ 30%] [32mBuilding CXX object CMakeFiles/mc_tasks_ros.dir/src/mc_tasks_ros/LookAtTFTask.cpp.o[0m
[9.495s] [ 40%] [32mBuilding CXX object CMakeFiles/mc_bin_to_rosbag.dir/utils/mc_bin_to_rosbag.cpp.o[0m
[9.495s] [ 50%] [32mBuilding CXX object CMakeFiles/mc_bin_to_rosbag.dir/utils/mc_bin_to_rosbag_main.cpp.o[0m
[13.218s] [ 60%] [32m[1mLinking CXX executable mc_bin_to_rosbag[0m
[13.400s] [ 60%] Built target mc_bin_to_rosbag
[16.721s] [ 70%] [32m[1mLinking CXX shared library libmc_tasks_ros.so[0m
[16.973s] [ 70%] Built target mc_tasks_ros
[16.982s] [ 80%] [32mBuilding CXX object CMakeFiles/ROS.dir/src/plugin/ROS.cpp.o[0m
[16.983s] [ 90%] [32mBuilding CXX object CMakeFiles/ROS.dir/src/plugin/Services.cpp.o[0m
[25.024s] [100%] [32m[1mLinking CXX shared library ROS.so[0m
[25.380s] [100%] Built target ROS
[25.385s] Invoked command in '/home/celian/workspace/src/mc_rtc/plugins/ROS/build/mc_rtc_ros_plugin' returned '0': /usr/bin/cmake --build /home/celian/workspace/src/mc_rtc/plugins/ROS/build/mc_rtc_ros_plugin -- -j22 -l22
[25.391s] Invoking command in '/home/celian/workspace/src/mc_rtc/plugins/ROS/build/mc_rtc_ros_plugin': /usr/bin/cmake --install /home/celian/workspace/src/mc_rtc/plugins/ROS/build/mc_rtc_ros_plugin
[25.394s] -- Install configuration: ""
[25.394s] -- Installing: /home/celian/workspace/src/mc_rtc/plugins/ROS/install/mc_rtc_ros_plugin/include/mc_rtc_ros/ros.h
[25.394s] -- Installing: /home/celian/workspace/src/mc_rtc/plugins/ROS/install/mc_rtc_ros_plugin/include/mc_rtc_ros/api.h
[25.394s] -- Installing: /home/celian/workspace/src/mc_rtc/plugins/ROS/install/mc_rtc_ros_plugin/include/mc_rtc/ros.h
[25.394s] -- Installing: /home/celian/workspace/src/mc_rtc/plugins/ROS/install/mc_rtc_ros_plugin/include/mc_tasks_ros/LookAtTFTask.h
[25.394s] -- Installing: /home/celian/workspace/src/mc_rtc/plugins/ROS/install/mc_rtc_ros_plugin/include/mc_tasks_ros/api.h
[25.394s] -- Installing: /home/celian/workspace/src/mc_rtc/plugins/ROS/install/mc_rtc_ros_plugin/include/mc_tasks/LookAtTFTask.h
[25.394s] -- Installing: /home/celian/workspace/src/mc_rtc/plugins/ROS/install/mc_rtc_ros_plugin/bin/mc_bin_to_rosbag
[25.395s] -- Set non-toolchain portion of runtime path of "/home/celian/workspace/src/mc_rtc/plugins/ROS/install/mc_rtc_ros_plugin/bin/mc_bin_to_rosbag" to ""
[25.396s] -- Installing: /home/celian/workspace/install/lib/libmc_rtc_ros.so.1.0.0
[25.398s] -- Up-to-date: /home/celian/workspace/install/lib/libmc_rtc_ros.so.1
[25.398s] -- Set non-toolchain portion of runtime path of "/home/celian/workspace/install/lib/libmc_rtc_ros.so.1.0.0" to ""
[25.399s] -- Installing: /home/celian/workspace/install/lib/libmc_rtc_ros.so
[25.399s] -- Installing: /home/celian/workspace/install/lib/libmc_tasks_ros.so.1.0.0
[25.400s] -- Up-to-date: /home/celian/workspace/install/lib/libmc_tasks_ros.so.1
[25.400s] -- Set non-toolchain portion of runtime path of "/home/celian/workspace/install/lib/libmc_tasks_ros.so.1.0.0" to ""
[25.400s] -- Installing: /home/celian/workspace/install/lib/libmc_tasks_ros.so
[25.400s] -- Installing: /home/celian/workspace/src/mc_rtc/plugins/ROS/install/mc_rtc_ros_plugin/lib/cmake/mc_rtc/plugins/mc_rtc_3rd_party_rosTargets.cmake
[25.400s] -- Installing: /home/celian/workspace/src/mc_rtc/plugins/ROS/install/mc_rtc_ros_plugin/lib/cmake/mc_rtc/plugins/mc_rtc_rosTargets.cmake
[25.400s] -- Installing: /home/celian/workspace/src/mc_rtc/plugins/ROS/install/mc_rtc_ros_plugin/lib/cmake/mc_rtc/plugins/mc_rtc_rosTargets-noconfig.cmake
[25.400s] -- Installing: /home/celian/workspace/install/lib/mc_plugins/ROS.so
[25.404s] -- Set non-toolchain portion of runtime path of "/home/celian/workspace/install/lib/mc_plugins/ROS.so" to ""
[25.404s] -- Installing: /home/celian/workspace/install/lib/mc_plugins/autoload/ROS.yaml
[25.404s] -- Up-to-date: /home/celian/workspace/install/lib/mc_plugins/etc/ROS.yaml
[25.405s] Invoked command in '/home/celian/workspace/src/mc_rtc/plugins/ROS/build/mc_rtc_ros_plugin' returned '0': /usr/bin/cmake --install /home/celian/workspace/src/mc_rtc/plugins/ROS/build/mc_rtc_ros_plugin
