[0.032s] Invoking command in '/home/celian/workspace/src/mc_rtc/build/observers': /usr/bin/cmake /home/celian/workspace/src/mc_rtc/observers -DCMAKE_INSTALL_PREFIX=/home/celian/workspace/src/mc_rtc/install
[0.059s] [33mCMake Warning (dev) in CMakeLists.txt:
[0.059s]   No project() command is present.  The top-level CMakeLists.txt file must
[0.059s]   contain a literal, direct call to the project() command.  Add a line of
[0.059s]   code such as
[0.059s]
[0.059s]     project(ProjectName)
[0.059s]
[0.059s]   near the top of the file, but after cmake_minimum_required().
[0.059s]
[0.059s]   CMake is pretending there is a "project(Project)" command on the first
[0.059s]   line.
[0.059s] This warning is for project developers.  Use -Wno-dev to suppress it.
[0.059s] [0m
[0.059s] [33mCMake Warning (dev) in CMakeLists.txt:
[0.059s]   cmake_minimum_required() should be called prior to this top-level project()
[0.059s]   call.  Please see the cmake-commands(7) manual for usage documentation of
[0.059s]   both commands.
[0.059s] This warning is for project developers.  Use -Wno-dev to suppress it.
[0.059s] [0m
[0.128s] -- The C compiler identification is GNU 11.4.0
[0.179s] -- The CXX compiler identification is GNU 11.4.0
[0.186s] -- Detecting C compiler ABI info
[0.244s] -- Detecting C compiler ABI info - done
[0.255s] -- Check for working C compiler: /usr/bin/cc - skipped
[0.255s] -- Detecting C compile features
[0.256s] -- Detecting C compile features - done
[0.268s] -- Detecting CXX compiler ABI info
[0.325s] -- Detecting CXX compiler ABI info - done
[0.335s] -- Check for working CXX compiler: /usr/bin/c++ - skipped
[0.335s] -- Detecting CXX compile features
[0.336s] -- Detecting CXX compile features - done
[0.341s] [31mCMake Error in CMakeLists.txt:
[0.341s]   No cmake_minimum_required command is present.  A line of code such as
[0.341s]
[0.341s]     cmake_minimum_required(VERSION 4.0)
[0.341s]
[0.341s]   should be added at the top of the file.  The version specified may be lower
[0.341s]   if you wish to support older CMake versions for this project.  For more
[0.341s]   information run "cmake --help-policy CMP0000".
[0.341s]
[0.341s] [0m
[0.341s] -- Configuring incomplete, errors occurred!
[0.346s] Invoked command in '/home/celian/workspace/src/mc_rtc/build/observers' returned '1': /usr/bin/cmake /home/celian/workspace/src/mc_rtc/observers -DCMAKE_INSTALL_PREFIX=/home/celian/workspace/src/mc_rtc/install
