[0mCMake Deprecation Warning at CMakeLists.txt:70 (cmake_minimum_required):
  Compatibility with CMake < 3.10 will be removed from a future version of
  CMake.

  Update the VERSION argument <min> value.  Or, use the <min>...<max> syntax
  to tell CMake that the project requires at least <min> but has been updated
  to work with policies introduced by <max> or earlier.

[0m
-- The C compiler identification is GNU 11.4.0
-- The CXX compiler identification is GNU 11.4.0
-- Detecting C compiler ABI info
-- Detecting C compiler ABI info - done
-- Check for working C compiler: /usr/bin/cc - skipped
-- Detecting C compile features
-- Detecting C compile features - done
-- Detecting CXX compiler ABI info
-- Detecting CXX compiler ABI info - done
-- Check for working CXX compiler: /usr/bin/c++ - skipped
-- Detecting CXX compile features
-- Detecting CXX compile features - done
-- Looking for sys/types.h
-- Looking for sys/types.h - found
-- Looking for inttypes.h
-- Looking for inttypes.h - found
-- Looking for stddef.h
-- Looking for stddef.h - found
-- Looking for stdint.h
-- Looking for stdint.h - found
-- Check size of off_t
-- Check size of off_t - done
-- Looking for fseeko
-- Looking for fseeko - found
-- Looking for ftello
-- Looking for ftello - found
-- Looking for PRIdMAX
-- Looking for PRIdMAX - found
--
-- ========== qhull Build Information ==========
-- Build Version:                             8.0.2
-- Install Prefix (CMAKE_INSTALL_PREFIX):     /home/celian/workspace/src/mc_rtc/install
-- Binary Directory (BIN_INSTALL_DIR):        bin
-- Library Directory (LIB_INSTALL_DIR):       lib
-- Include Directory (INCLUDE_INSTALL_DIR):   include
-- Documentation Directory (DOC_INSTALL_DIR): share/doc/qhull
-- Man Pages Directory (MAN_INSTALL_DIR):     share/man/man1
-- Build Type (CMAKE_BUILD_TYPE):
-- Build static libraries:                    ON
-- Build shared library:                      ON
-- Use shared library for linking apps:       OFF
-- To override these options, add -D{OPTION_NAME}=... to the cmake command
--   Build the debug targets                  -DCMAKE_BUILD_TYPE=Debug
--
-- To build and install qhull, enter "make" and "make install"
-- To smoketest qhull, enter "ctest"
--
-- Configuring done (0.7s)
-- Generating done (0.0s)
-- Build files have been written to: /home/celian/workspace/src/mc_rtc/build/qhull
