[0.015s] Invoking command in '/home/celian/workspace/src/mc_rtc/plugins/ROS/build/mc_rtc_ros_plugin': /usr/bin/cmake --build /home/celian/workspace/src/mc_rtc/plugins/ROS/build/mc_rtc_ros_plugin -- -j22 -l22
[0.055s] [ 20%] Built target mc_rtc_ros
[0.078s] [ 50%] Built target mc_tasks_ros
[0.078s] [ 70%] Built target mc_bin_to_rosbag
[0.108s] [100%] Built target ROS
[0.114s] Invoked command in '/home/celian/workspace/src/mc_rtc/plugins/ROS/build/mc_rtc_ros_plugin' returned '0': /usr/bin/cmake --build /home/celian/workspace/src/mc_rtc/plugins/ROS/build/mc_rtc_ros_plugin -- -j22 -l22
[0.119s] Invoking command in '/home/celian/workspace/src/mc_rtc/plugins/ROS/build/mc_rtc_ros_plugin': /usr/bin/cmake --install /home/celian/workspace/src/mc_rtc/plugins/ROS/build/mc_rtc_ros_plugin
[0.122s] -- Install configuration: ""
[0.122s] -- Up-to-date: /home/celian/workspace/src/mc_rtc/plugins/ROS/install/mc_rtc_ros_plugin/include/mc_rtc_ros/ros.h
[0.122s] -- Up-to-date: /home/celian/workspace/src/mc_rtc/plugins/ROS/install/mc_rtc_ros_plugin/include/mc_rtc_ros/api.h
[0.122s] -- Up-to-date: /home/celian/workspace/src/mc_rtc/plugins/ROS/install/mc_rtc_ros_plugin/include/mc_rtc/ros.h
[0.122s] -- Up-to-date: /home/celian/workspace/src/mc_rtc/plugins/ROS/install/mc_rtc_ros_plugin/include/mc_tasks_ros/LookAtTFTask.h
[0.122s] -- Up-to-date: /home/celian/workspace/src/mc_rtc/plugins/ROS/install/mc_rtc_ros_plugin/include/mc_tasks_ros/api.h
[0.122s] -- Up-to-date: /home/celian/workspace/src/mc_rtc/plugins/ROS/install/mc_rtc_ros_plugin/include/mc_tasks/LookAtTFTask.h
[0.122s] -- Up-to-date: /home/celian/workspace/src/mc_rtc/plugins/ROS/install/mc_rtc_ros_plugin/bin/mc_bin_to_rosbag
[0.122s] -- Up-to-date: /home/celian/workspace/install/lib/libmc_rtc_ros.so.1.0.0
[0.122s] -- Up-to-date: /home/celian/workspace/install/lib/libmc_rtc_ros.so.1
[0.122s] -- Up-to-date: /home/celian/workspace/install/lib/libmc_rtc_ros.so
[0.122s] -- Up-to-date: /home/celian/workspace/install/lib/libmc_tasks_ros.so.1.0.0
[0.123s] -- Up-to-date: /home/celian/workspace/install/lib/libmc_tasks_ros.so.1
[0.123s] -- Up-to-date: /home/celian/workspace/install/lib/libmc_tasks_ros.so
[0.123s] -- Up-to-date: /home/celian/workspace/src/mc_rtc/plugins/ROS/install/mc_rtc_ros_plugin/lib/cmake/mc_rtc/plugins/mc_rtc_3rd_party_rosTargets.cmake
[0.123s] -- Up-to-date: /home/celian/workspace/src/mc_rtc/plugins/ROS/install/mc_rtc_ros_plugin/lib/cmake/mc_rtc/plugins/mc_rtc_rosTargets.cmake
[0.123s] -- Up-to-date: /home/celian/workspace/src/mc_rtc/plugins/ROS/install/mc_rtc_ros_plugin/lib/cmake/mc_rtc/plugins/mc_rtc_rosTargets-noconfig.cmake
[0.123s] -- Up-to-date: /home/celian/workspace/install/lib/mc_plugins/ROS.so
[0.123s] -- Up-to-date: /home/celian/workspace/install/lib/mc_plugins/autoload/ROS.yaml
[0.123s] -- Up-to-date: /home/celian/workspace/install/lib/mc_plugins/etc/ROS.yaml
[0.124s] Invoked command in '/home/celian/workspace/src/mc_rtc/plugins/ROS/build/mc_rtc_ros_plugin' returned '0': /usr/bin/cmake --install /home/celian/workspace/src/mc_rtc/plugins/ROS/build/mc_rtc_ros_plugin
