[0.029s] Invoking command in '/home/celian/workspace/src/mc_rtc/build/robots': /usr/bin/cmake /home/celian/workspace/src/mc_rtc/robots -DCMAKE_INSTALL_PREFIX=/home/celian/workspace/src/mc_rtc/install
[0.049s] [33mCMake Warning (dev) in CMakeLists.txt:
[0.050s]   No project() command is present.  The top-level CMakeLists.txt file must
[0.050s]   contain a literal, direct call to the project() command.  Add a line of
[0.050s]   code such as
[0.050s]
[0.050s]     project(ProjectName)
[0.050s]
[0.050s]   near the top of the file, but after cmake_minimum_required().
[0.050s]
[0.050s]   CMake is pretending there is a "project(Project)" command on the first
[0.050s]   line.
[0.050s] This warning is for project developers.  Use -Wno-dev to suppress it.
[0.050s] [0m
[0.050s] [33mCMake Warning (dev) in CMakeLists.txt:
[0.050s]   cmake_minimum_required() should be called prior to this top-level project()
[0.050s]   call.  Please see the cmake-commands(7) manual for usage documentation of
[0.050s]   both commands.
[0.050s] This warning is for project developers.  Use -Wno-dev to suppress it.
[0.050s] [0m
[0.108s] -- The C compiler identification is GNU 11.4.0
[0.171s] -- The CXX compiler identification is GNU 11.4.0
[0.180s] -- Detecting C compiler ABI info
[0.235s] -- Detecting C compiler ABI info - done
[0.249s] -- Check for working C compiler: /usr/bin/cc - skipped
[0.249s] -- Detecting C compile features
[0.250s] -- Detecting C compile features - done
[0.259s] -- Detecting CXX compiler ABI info
[0.314s] -- Detecting CXX compiler ABI info - done
[0.326s] -- Check for working CXX compiler: /usr/bin/c++ - skipped
[0.326s] -- Detecting CXX compile features
[0.327s] -- Detecting CXX compile features - done
[0.331s] [31mCMake Error in CMakeLists.txt:
[0.331s]   No cmake_minimum_required command is present.  A line of code such as
[0.331s]
[0.331s]     cmake_minimum_required(VERSION 4.0)
[0.331s]
[0.331s]   should be added at the top of the file.  The version specified may be lower
[0.332s]   if you wish to support older CMake versions for this project.  For more
[0.332s]   information run "cmake --help-policy CMP0000".
[0.332s]
[0.332s] [0m
[0.332s] -- Configuring incomplete, errors occurred!
